This file contains any messages produced by compilers while
running configure, to aid debugging if configure makes a mistake.

It was created by librvi configure 0.1.0, which was
generated by GNU Autoconf 2.69.  Invocation command line was

  $ ./configure 

## --------- ##
## Platform. ##
## --------- ##

hostname = ubuntu
uname -m = x86_64
uname -r = 4.2.0-27-generic
uname -s = Linux
uname -v = #32~14.04.1-Ubuntu SMP Fri Jan 22 15:32:26 UTC 2016

/usr/bin/uname -p = unknown
/bin/uname -X     = unknown

/bin/arch              = unknown
/usr/bin/arch -k       = unknown
/usr/convex/getsysinfo = unknown
/usr/bin/hostinfo      = unknown
/bin/machine           = unknown
/usr/bin/oslevel       = unknown
/bin/universe          = unknown

PATH: /home/chltjrgma/Qt5.6.1/5.6/gcc_64/bin
PATH: /usr/local/sbin
PATH: /usr/local/bin
PATH: /usr/sbin
PATH: /usr/bin
PATH: /sbin
PATH: /bin
PATH: /usr/games
PATH: /usr/local/games


## ----------- ##
## Core tests. ##
## ----------- ##

configure:2195: checking for a BSD-compatible install
configure:2263: result: /usr/bin/install -c
configure:2274: checking whether build environment is sane
configure:2329: result: yes
configure:2480: checking for a thread-safe mkdir -p
configure:2519: result: /bin/mkdir -p
configure:2526: checking for gawk
configure:2556: result: no
configure:2526: checking for mawk
configure:2542: found /usr/bin/mawk
configure:2553: result: mawk
configure:2564: checking whether make sets $(MAKE)
configure:2586: result: yes
configure:2615: checking whether make supports nested variables
configure:2632: result: yes
configure:2787: checking build system type
configure:2801: result: x86_64-unknown-linux-gnu
configure:2821: checking host system type
configure:2834: result: x86_64-unknown-linux-gnu
configure:2875: checking how to print strings
configure:2902: result: printf
configure:2935: checking for style of include used by make
configure:2963: result: GNU
configure:3034: checking for gcc
configure:3050: found /usr/bin/gcc
configure:3061: result: gcc
configure:3290: checking for C compiler version
configure:3299: gcc --version >&5
gcc (Ubuntu 4.8.4-2ubuntu1~14.04.3) 4.8.4
Copyright (C) 2013 Free Software Foundation, Inc.
This is free software; see the source for copying conditions.  There is NO
warranty; not even for MERCHANTABILITY or FITNESS FOR A PARTICULAR PURPOSE.

configure:3310: $? = 0
configure:3299: gcc -v >&5
Using built-in specs.
COLLECT_GCC=gcc
COLLECT_LTO_WRAPPER=/usr/lib/gcc/x86_64-linux-gnu/4.8/lto-wrapper
Target: x86_64-linux-gnu
Configured with: ../src/configure -v --with-pkgversion='Ubuntu 4.8.4-2ubuntu1~14.04.3' --with-bugurl=file:///usr/share/doc/gcc-4.8/README.Bugs --enable-languages=c,c++,java,go,d,fortran,objc,obj-c++ --prefix=/usr --program-suffix=-4.8 --enable-shared --enable-linker-build-id --libexecdir=/usr/lib --without-included-gettext --enable-threads=posix --with-gxx-include-dir=/usr/include/c++/4.8 --libdir=/usr/lib --enable-nls --with-sysroot=/ --enable-clocale=gnu --enable-libstdcxx-debug --enable-libstdcxx-time=yes --enable-gnu-unique-object --disable-libmudflap --enable-plugin --with-system-zlib --disable-browser-plugin --enable-java-awt=gtk --enable-gtk-cairo --with-java-home=/usr/lib/jvm/java-1.5.0-gcj-4.8-amd64/jre --enable-java-home --with-jvm-root-dir=/usr/lib/jvm/java-1.5.0-gcj-4.8-amd64 --with-jvm-jar-dir=/usr/lib/jvm-exports/java-1.5.0-gcj-4.8-amd64 --with-arch-directory=amd64 --with-ecj-jar=/usr/share/java/eclipse-ecj.jar --enable-objc-gc --enable-multiarch --disable-werror --with-arch-32=i686 --with-abi=m64 --with-multilib-list=m32,m64,mx32 --with-tune=generic --enable-checking=release --build=x86_64-linux-gnu --host=x86_64-linux-gnu --target=x86_64-linux-gnu
Thread model: posix
gcc version 4.8.4 (Ubuntu 4.8.4-2ubuntu1~14.04.3) 
configure:3310: $? = 0
configure:3299: gcc -V >&5
gcc: error: unrecognized command line option '-V'
gcc: fatal error: no input files
compilation terminated.
configure:3310: $? = 4
configure:3299: gcc -qversion >&5
gcc: error: unrecognized command line option '-qversion'
gcc: fatal error: no input files
compilation terminated.
configure:3310: $? = 4
configure:3330: checking whether the C compiler works
configure:3352: gcc    conftest.c  >&5
configure:3356: $? = 0
configure:3404: result: yes
configure:3407: checking for C compiler default output file name
configure:3409: result: a.out
configure:3415: checking for suffix of executables
configure:3422: gcc -o conftest    conftest.c  >&5
configure:3426: $? = 0
configure:3448: result: 
configure:3470: checking whether we are cross compiling
configure:3478: gcc -o conftest    conftest.c  >&5
configure:3482: $? = 0
configure:3489: ./conftest
configure:3493: $? = 0
configure:3508: result: no
configure:3513: checking for suffix of object files
configure:3535: gcc -c   conftest.c >&5
configure:3539: $? = 0
configure:3560: result: o
configure:3564: checking whether we are using the GNU C compiler
configure:3583: gcc -c   conftest.c >&5
configure:3583: $? = 0
configure:3592: result: yes
configure:3601: checking whether gcc accepts -g
configure:3621: gcc -c -g  conftest.c >&5
configure:3621: $? = 0
configure:3662: result: yes
configure:3679: checking for gcc option to accept ISO C89
configure:3742: gcc  -c -g -O2  conftest.c >&5
configure:3742: $? = 0
configure:3755: result: none needed
configure:3780: checking whether gcc understands -c and -o together
configure:3802: gcc -c conftest.c -o conftest2.o
configure:3805: $? = 0
configure:3802: gcc -c conftest.c -o conftest2.o
configure:3805: $? = 0
configure:3817: result: yes
configure:3836: checking dependency style of gcc
configure:3947: result: gcc3
configure:3962: checking for a sed that does not truncate output
configure:4026: result: /bin/sed
configure:4044: checking for grep that handles long lines and -e
configure:4102: result: /bin/grep
configure:4107: checking for egrep
configure:4169: result: /bin/grep -E
configure:4174: checking for fgrep
configure:4236: result: /bin/grep -F
configure:4271: checking for ld used by gcc
configure:4338: result: /usr/bin/ld
configure:4345: checking if the linker (/usr/bin/ld) is GNU ld
configure:4360: result: yes
configure:4372: checking for BSD- or MS-compatible name lister (nm)
configure:4421: result: /usr/bin/nm -B
configure:4551: checking the name lister (/usr/bin/nm -B) interface
configure:4558: gcc -c -g -O2  conftest.c >&5
configure:4561: /usr/bin/nm -B "conftest.o"
configure:4564: output
0000000000000000 B some_variable
configure:4571: result: BSD nm
configure:4574: checking whether ln -s works
configure:4578: result: yes
configure:4586: checking the maximum length of command line arguments
configure:4717: result: 1572864
configure:4734: checking whether the shell understands some XSI constructs
configure:4744: result: yes
configure:4748: checking whether the shell understands "+="
configure:4754: result: yes
configure:4789: checking how to convert x86_64-unknown-linux-gnu file names to x86_64-unknown-linux-gnu format
configure:4829: result: func_convert_file_noop
configure:4836: checking how to convert x86_64-unknown-linux-gnu file names to toolchain format
configure:4856: result: func_convert_file_noop
configure:4863: checking for /usr/bin/ld option to reload object files
configure:4870: result: -r
configure:4944: checking for objdump
configure:4960: found /usr/bin/objdump
configure:4971: result: objdump
configure:5003: checking how to recognize dependent libraries
configure:5201: result: pass_all
configure:5286: checking for dlltool
configure:5316: result: no
configure:5346: checking how to associate runtime and link libraries
configure:5373: result: printf %s\n
configure:5434: checking for ar
configure:5450: found /usr/bin/ar
configure:5461: result: ar
configure:5498: checking for archiver @FILE support
configure:5515: gcc -c -g -O2  conftest.c >&5
configure:5515: $? = 0
configure:5518: ar cru libconftest.a @conftest.lst >&5
configure:5521: $? = 0
configure:5526: ar cru libconftest.a @conftest.lst >&5
ar: conftest.o: No such file or directory
configure:5529: $? = 1
configure:5541: result: @
configure:5599: checking for strip
configure:5615: found /usr/bin/strip
configure:5626: result: strip
configure:5698: checking for ranlib
configure:5714: found /usr/bin/ranlib
configure:5725: result: ranlib
configure:5827: checking command to parse /usr/bin/nm -B output from gcc object
configure:5947: gcc -c -g -O2  conftest.c >&5
configure:5950: $? = 0
configure:5954: /usr/bin/nm -B conftest.o \| sed -n -e 's/^.*[ ]\([ABCDGIRSTW][ABCDGIRSTW]*\)[ ][ ]*\([_A-Za-z][_A-Za-z0-9]*\)$/\1 \2 \2/p' | sed '/ __gnu_lto/d' \> conftest.nm
configure:5957: $? = 0
configure:6023: gcc -o conftest -g -O2   conftest.c conftstm.o >&5
configure:6026: $? = 0
configure:6064: result: ok
configure:6101: checking for sysroot
configure:6131: result: no
configure:6208: gcc -c -g -O2  conftest.c >&5
configure:6211: $? = 0
configure:6400: checking for mt
configure:6416: found /bin/mt
configure:6427: result: mt
configure:6450: checking if mt is a manifest tool
configure:6456: mt '-?'
configure:6464: result: no
configure:7106: checking how to run the C preprocessor
configure:7137: gcc -E  conftest.c
configure:7137: $? = 0
configure:7151: gcc -E  conftest.c
conftest.c:11:28: fatal error: ac_nonexistent.h: No such file or directory
 #include <ac_nonexistent.h>
                            ^
compilation terminated.
configure:7151: $? = 1
configure: failed program was:
| /* confdefs.h */
| #define PACKAGE_NAME "librvi"
| #define PACKAGE_TARNAME "librvi"
| #define PACKAGE_VERSION "0.1.0"
| #define PACKAGE_STRING "librvi 0.1.0"
| #define PACKAGE_BUGREPORT "https://github.com/GENIVI/rvi_lib/issues"
| #define PACKAGE_URL ""
| #define PACKAGE "librvi"
| #define VERSION "0.1.0"
| /* end confdefs.h.  */
| #include <ac_nonexistent.h>
configure:7176: result: gcc -E
configure:7196: gcc -E  conftest.c
configure:7196: $? = 0
configure:7210: gcc -E  conftest.c
conftest.c:11:28: fatal error: ac_nonexistent.h: No such file or directory
 #include <ac_nonexistent.h>
                            ^
compilation terminated.
configure:7210: $? = 1
configure: failed program was:
| /* confdefs.h */
| #define PACKAGE_NAME "librvi"
| #define PACKAGE_TARNAME "librvi"
| #define PACKAGE_VERSION "0.1.0"
| #define PACKAGE_STRING "librvi 0.1.0"
| #define PACKAGE_BUGREPORT "https://github.com/GENIVI/rvi_lib/issues"
| #define PACKAGE_URL ""
| #define PACKAGE "librvi"
| #define VERSION "0.1.0"
| /* end confdefs.h.  */
| #include <ac_nonexistent.h>
configure:7239: checking for ANSI C header files
configure:7259: gcc -c -g -O2  conftest.c >&5
configure:7259: $? = 0
configure:7332: gcc -o conftest -g -O2   conftest.c  >&5
configure:7332: $? = 0
configure:7332: ./conftest
configure:7332: $? = 0
configure:7343: result: yes
configure:7356: checking for sys/types.h
configure:7356: gcc -c -g -O2  conftest.c >&5
configure:7356: $? = 0
configure:7356: result: yes
configure:7356: checking for sys/stat.h
configure:7356: gcc -c -g -O2  conftest.c >&5
configure:7356: $? = 0
configure:7356: result: yes
configure:7356: checking for stdlib.h
configure:7356: gcc -c -g -O2  conftest.c >&5
configure:7356: $? = 0
configure:7356: result: yes
configure:7356: checking for string.h
configure:7356: gcc -c -g -O2  conftest.c >&5
configure:7356: $? = 0
configure:7356: result: yes
configure:7356: checking for memory.h
configure:7356: gcc -c -g -O2  conftest.c >&5
configure:7356: $? = 0
configure:7356: result: yes
configure:7356: checking for strings.h
configure:7356: gcc -c -g -O2  conftest.c >&5
configure:7356: $? = 0
configure:7356: result: yes
configure:7356: checking for inttypes.h
configure:7356: gcc -c -g -O2  conftest.c >&5
configure:7356: $? = 0
configure:7356: result: yes
configure:7356: checking for stdint.h
configure:7356: gcc -c -g -O2  conftest.c >&5
configure:7356: $? = 0
configure:7356: result: yes
configure:7356: checking for unistd.h
configure:7356: gcc -c -g -O2  conftest.c >&5
configure:7356: $? = 0
configure:7356: result: yes
configure:7370: checking for dlfcn.h
configure:7370: gcc -c -g -O2  conftest.c >&5
configure:7370: $? = 0
configure:7370: result: yes
configure:7576: checking for objdir
configure:7591: result: .libs
configure:7862: checking if gcc supports -fno-rtti -fno-exceptions
configure:7880: gcc -c -g -O2  -fno-rtti -fno-exceptions conftest.c >&5
cc1: warning: command line option '-fno-rtti' is valid for C++/ObjC++ but not for C [enabled by default]
configure:7884: $? = 0
configure:7897: result: no
configure:8224: checking for gcc option to produce PIC
configure:8231: result: -fPIC -DPIC
configure:8239: checking if gcc PIC flag -fPIC -DPIC works
configure:8257: gcc -c -g -O2  -fPIC -DPIC -DPIC conftest.c >&5
configure:8261: $? = 0
configure:8274: result: yes
configure:8303: checking if gcc static flag -static works
configure:8331: result: yes
configure:8346: checking if gcc supports -c -o file.o
configure:8367: gcc -c -g -O2  -o out/conftest2.o conftest.c >&5
configure:8371: $? = 0
configure:8393: result: yes
configure:8401: checking if gcc supports -c -o file.o
configure:8448: result: yes
configure:8481: checking whether the gcc linker (/usr/bin/ld -m elf_x86_64) supports shared libraries
configure:9638: result: yes
configure:9675: checking whether -lc should be explicitly linked in
configure:9683: gcc -c -g -O2  conftest.c >&5
configure:9686: $? = 0
configure:9701: gcc -shared  -fPIC -DPIC conftest.o  -v -Wl,-soname -Wl,conftest -o conftest 2\>\&1 \| /bin/grep  -lc  \>/dev/null 2\>\&1
configure:9704: $? = 0
configure:9718: result: no
configure:9878: checking dynamic linker characteristics
configure:10378: gcc -o conftest -g -O2   -Wl,-rpath -Wl,/foo conftest.c  >&5
configure:10378: $? = 0
configure:10612: result: GNU/Linux ld.so
configure:10719: checking how to hardcode library paths into programs
configure:10744: result: immediate
configure:11284: checking whether stripping libraries is possible
configure:11289: result: yes
configure:11324: checking if libtool supports shared libraries
configure:11326: result: yes
configure:11329: checking whether to build shared libraries
configure:11350: result: yes
configure:11353: checking whether to build static libraries
configure:11357: result: yes
configure:11455: checking for pkg-config
configure:11473: found /usr/bin/pkg-config
configure:11485: result: /usr/bin/pkg-config
configure:11510: checking pkg-config is at least version 0.9.0
configure:11513: result: yes
configure:11523: checking for OPENSSL
configure:11530: $PKG_CONFIG --exists --print-errors "openssl >= 0.9.8"
configure:11533: $? = 0
configure:11547: $PKG_CONFIG --exists --print-errors "openssl >= 0.9.8"
configure:11550: $? = 0
configure:11608: result: yes
configure:11614: checking for JANSSON
configure:11621: $PKG_CONFIG --exists --print-errors "jansson >= 2.0"
configure:11624: $? = 0
configure:11638: $PKG_CONFIG --exists --print-errors "jansson >= 2.0"
configure:11641: $? = 0
configure:11699: result: yes
configure:11705: checking for CHECK
configure:11712: $PKG_CONFIG --exists --print-errors "check >= 0.9.4"
Package check was not found in the pkg-config search path.
Perhaps you should add the directory containing `check.pc'
to the PKG_CONFIG_PATH environment variable
No package 'check' found
configure:11715: $? = 1
configure:11729: $PKG_CONFIG --exists --print-errors "check >= 0.9.4"
Package check was not found in the pkg-config search path.
Perhaps you should add the directory containing `check.pc'
to the PKG_CONFIG_PATH environment variable
No package 'check' found
configure:11732: $? = 1
configure:11746: result: no
No package 'check' found
configure:11899: checking that generated files are newer than configure
configure:11905: result: done
configure:11928: creating ./config.status

## ---------------------- ##
## Running config.status. ##
## ---------------------- ##

This file was extended by librvi config.status 0.1.0, which was
generated by GNU Autoconf 2.69.  Invocation command line was

  CONFIG_FILES    = 
  CONFIG_HEADERS  = 
  CONFIG_LINKS    = 
  CONFIG_COMMANDS = 
  $ ./config.status 

on ubuntu

config.status:1096: creating Makefile
config.status:1096: creating include/Makefile
config.status:1096: creating src/Makefile
config.status:1096: creating examples/Makefile
config.status:1096: creating tests/Makefile
config.status:1096: creating src/librvi.pc
config.status:1096: creating src/config.h
config.status:1325: executing depfiles commands
config.status:1325: executing libtool commands
configure:14223: === configuring in libjwt (/home/chltjrgma/geniviComponent/rvi_lib/libjwt)
configure:14286: running /bin/bash ./configure --disable-option-checking '--prefix=/usr/local'  --cache-file=/dev/null --srcdir=.

## ---------------- ##
## Cache variables. ##
## ---------------- ##

ac_cv_build=x86_64-unknown-linux-gnu
ac_cv_c_compiler_gnu=yes
ac_cv_env_CC_set=
ac_cv_env_CC_value=
ac_cv_env_CFLAGS_set=
ac_cv_env_CFLAGS_value=
ac_cv_env_CHECK_CFLAGS_set=
ac_cv_env_CHECK_CFLAGS_value=
ac_cv_env_CHECK_LIBS_set=
ac_cv_env_CHECK_LIBS_value=
ac_cv_env_CPPFLAGS_set=
ac_cv_env_CPPFLAGS_value=
ac_cv_env_CPP_set=
ac_cv_env_CPP_value=
ac_cv_env_JANSSON_CFLAGS_set=
ac_cv_env_JANSSON_CFLAGS_value=
ac_cv_env_JANSSON_LIBS_set=
ac_cv_env_JANSSON_LIBS_value=
ac_cv_env_LDFLAGS_set=
ac_cv_env_LDFLAGS_value=
ac_cv_env_LIBS_set=
ac_cv_env_LIBS_value=
ac_cv_env_OPENSSL_CFLAGS_set=
ac_cv_env_OPENSSL_CFLAGS_value=
ac_cv_env_OPENSSL_LIBS_set=
ac_cv_env_OPENSSL_LIBS_value=
ac_cv_env_PKG_CONFIG_LIBDIR_set=
ac_cv_env_PKG_CONFIG_LIBDIR_value=
ac_cv_env_PKG_CONFIG_PATH_set=
ac_cv_env_PKG_CONFIG_PATH_value=
ac_cv_env_PKG_CONFIG_set=
ac_cv_env_PKG_CONFIG_value=
ac_cv_env_build_alias_set=
ac_cv_env_build_alias_value=
ac_cv_env_host_alias_set=
ac_cv_env_host_alias_value=
ac_cv_env_target_alias_set=
ac_cv_env_target_alias_value=
ac_cv_header_dlfcn_h=yes
ac_cv_header_inttypes_h=yes
ac_cv_header_memory_h=yes
ac_cv_header_stdc=yes
ac_cv_header_stdint_h=yes
ac_cv_header_stdlib_h=yes
ac_cv_header_string_h=yes
ac_cv_header_strings_h=yes
ac_cv_header_sys_stat_h=yes
ac_cv_header_sys_types_h=yes
ac_cv_header_unistd_h=yes
ac_cv_host=x86_64-unknown-linux-gnu
ac_cv_objext=o
ac_cv_path_EGREP='/bin/grep -E'
ac_cv_path_FGREP='/bin/grep -F'
ac_cv_path_GREP=/bin/grep
ac_cv_path_SED=/bin/sed
ac_cv_path_ac_pt_PKG_CONFIG=/usr/bin/pkg-config
ac_cv_path_install='/usr/bin/install -c'
ac_cv_path_mkdir=/bin/mkdir
ac_cv_prog_AWK=mawk
ac_cv_prog_CPP='gcc -E'
ac_cv_prog_ac_ct_AR=ar
ac_cv_prog_ac_ct_CC=gcc
ac_cv_prog_ac_ct_MANIFEST_TOOL=mt
ac_cv_prog_ac_ct_OBJDUMP=objdump
ac_cv_prog_ac_ct_RANLIB=ranlib
ac_cv_prog_ac_ct_STRIP=strip
ac_cv_prog_cc_c89=
ac_cv_prog_cc_g=yes
ac_cv_prog_make_make_set=yes
am_cv_CC_dependencies_compiler_type=gcc3
am_cv_make_support_nested_variables=yes
am_cv_prog_cc_c_o=yes
lt_cv_ar_at_file=@
lt_cv_archive_cmds_need_lc=no
lt_cv_deplibs_check_method=pass_all
lt_cv_file_magic_cmd='$MAGIC_CMD'
lt_cv_file_magic_test_file=
lt_cv_ld_reload_flag=-r
lt_cv_nm_interface='BSD nm'
lt_cv_objdir=.libs
lt_cv_path_LD=/usr/bin/ld
lt_cv_path_NM='/usr/bin/nm -B'
lt_cv_path_mainfest_tool=no
lt_cv_prog_compiler_c_o=yes
lt_cv_prog_compiler_pic='-fPIC -DPIC'
lt_cv_prog_compiler_pic_works=yes
lt_cv_prog_compiler_rtti_exceptions=no
lt_cv_prog_compiler_static_works=yes
lt_cv_prog_gnu_ld=yes
lt_cv_sharedlib_from_linklib_cmd='printf %s\n'
lt_cv_shlibpath_overrides_runpath=no
lt_cv_sys_global_symbol_pipe='sed -n -e '\''s/^.*[	 ]\([ABCDGIRSTW][ABCDGIRSTW]*\)[	 ][	 ]*\([_A-Za-z][_A-Za-z0-9]*\)$/\1 \2 \2/p'\'' | sed '\''/ __gnu_lto/d'\'''
lt_cv_sys_global_symbol_to_c_name_address='sed -n -e '\''s/^: \([^ ]*\)[ ]*$/  {\"\1\", (void *) 0},/p'\'' -e '\''s/^[ABCDGIRSTW]* \([^ ]*\) \([^ ]*\)$/  {"\2", (void *) \&\2},/p'\'''
lt_cv_sys_global_symbol_to_c_name_address_lib_prefix='sed -n -e '\''s/^: \([^ ]*\)[ ]*$/  {\"\1\", (void *) 0},/p'\'' -e '\''s/^[ABCDGIRSTW]* \([^ ]*\) \(lib[^ ]*\)$/  {"\2", (void *) \&\2},/p'\'' -e '\''s/^[ABCDGIRSTW]* \([^ ]*\) \([^ ]*\)$/  {"lib\2", (void *) \&\2},/p'\'''
lt_cv_sys_global_symbol_to_cdecl='sed -n -e '\''s/^T .* \(.*\)$/extern int \1();/p'\'' -e '\''s/^[ABCDGIRSTW]* .* \(.*\)$/extern char \1;/p'\'''
lt_cv_sys_max_cmd_len=1572864
lt_cv_to_host_file_cmd=func_convert_file_noop
lt_cv_to_tool_file_cmd=func_convert_file_noop
pkg_cv_JANSSON_CFLAGS=' '
pkg_cv_JANSSON_LIBS='-ljansson  '
pkg_cv_OPENSSL_CFLAGS=' '
pkg_cv_OPENSSL_LIBS='-lssl -lcrypto  '

## ----------------- ##
## Output variables. ##
## ----------------- ##

ACLOCAL='${SHELL} /home/chltjrgma/geniviComponent/rvi_lib/missing aclocal-1.14'
AMDEPBACKSLASH='\'
AMDEP_FALSE='#'
AMDEP_TRUE=''
AMTAR='$${TAR-tar}'
AM_BACKSLASH='\'
AM_CFLAGS=''
AM_DEFAULT_V='$(AM_DEFAULT_VERBOSITY)'
AM_DEFAULT_VERBOSITY='1'
AM_V='$(V)'
AR='ar'
AUTOCONF='${SHELL} /home/chltjrgma/geniviComponent/rvi_lib/missing autoconf'
AUTOHEADER='${SHELL} /home/chltjrgma/geniviComponent/rvi_lib/missing autoheader'
AUTOMAKE='${SHELL} /home/chltjrgma/geniviComponent/rvi_lib/missing automake-1.14'
AWK='mawk'
CC='gcc'
CCDEPMODE='depmode=gcc3'
CFLAGS='-g -O2'
CHECK_CFLAGS=''
CHECK_LIBS=''
CPP='gcc -E'
CPPFLAGS=''
CYGPATH_W='echo'
DEFS='-DHAVE_CONFIG_H'
DEPDIR='.deps'
DLLTOOL='false'
DSYMUTIL=''
DUMPBIN=''
ECHO_C=''
ECHO_N='-n'
ECHO_T=''
EGREP='/bin/grep -E'
EXEEXT=''
FGREP='/bin/grep -F'
GREP='/bin/grep'
INSTALL_DATA='${INSTALL} -m 644'
INSTALL_PROGRAM='${INSTALL}'
INSTALL_SCRIPT='${INSTALL}'
INSTALL_STRIP_PROGRAM='$(install_sh) -c -s'
JANSSON_CFLAGS=' '
JANSSON_LIBS='-ljansson  '
LD='/usr/bin/ld -m elf_x86_64'
LDFLAGS=''
LIBOBJS=''
LIBS=''
LIBTOOL='$(SHELL) $(top_builddir)/libtool'
LIPO=''
LN_S='ln -s'
LTLIBOBJS=''
MAKEINFO='${SHELL} /home/chltjrgma/geniviComponent/rvi_lib/missing makeinfo'
MANIFEST_TOOL=':'
MKDIR_P='/bin/mkdir -p'
NM='/usr/bin/nm -B'
NMEDIT=''
OBJDUMP='objdump'
OBJEXT='o'
OPENSSL_CFLAGS=' '
OPENSSL_LIBS='-lssl -lcrypto  '
OTOOL64=''
OTOOL=''
PACKAGE='librvi'
PACKAGE_BUGREPORT='https://github.com/GENIVI/rvi_lib/issues'
PACKAGE_NAME='librvi'
PACKAGE_STRING='librvi 0.1.0'
PACKAGE_TARNAME='librvi'
PACKAGE_URL=''
PACKAGE_VERSION='0.1.0'
PATH_SEPARATOR=':'
PKG_CONFIG='/usr/bin/pkg-config'
PKG_CONFIG_LIBDIR=''
PKG_CONFIG_PATH=''
RANLIB='ranlib'
SED='/bin/sed'
SET_MAKE=''
SHELL='/bin/bash'
STRIP='strip'
VERSION='0.1.0'
ac_ct_AR='ar'
ac_ct_CC='gcc'
ac_ct_DUMPBIN=''
am__EXEEXT_FALSE=''
am__EXEEXT_TRUE='#'
am__fastdepCC_FALSE='#'
am__fastdepCC_TRUE=''
am__include='include'
am__isrc=''
am__leading_dot='.'
am__nodep='_no'
am__quote=''
am__tar='$${TAR-tar} chof - "$$tardir"'
am__untar='$${TAR-tar} xf -'
bindir='${exec_prefix}/bin'
build='x86_64-unknown-linux-gnu'
build_alias=''
build_cpu='x86_64'
build_os='linux-gnu'
build_vendor='unknown'
datadir='${datarootdir}'
datarootdir='${prefix}/share'
docdir='${datarootdir}/doc/${PACKAGE_TARNAME}'
dvidir='${docdir}'
exec_prefix='${prefix}'
host='x86_64-unknown-linux-gnu'
host_alias=''
host_cpu='x86_64'
host_os='linux-gnu'
host_vendor='unknown'
htmldir='${docdir}'
includedir='${prefix}/include'
infodir='${datarootdir}/info'
install_sh='${SHELL} /home/chltjrgma/geniviComponent/rvi_lib/install-sh'
libdir='${exec_prefix}/lib'
libexecdir='${exec_prefix}/libexec'
localedir='${datarootdir}/locale'
localstatedir='${prefix}/var'
mandir='${datarootdir}/man'
mkdir_p='$(MKDIR_P)'
oldincludedir='/usr/include'
pdfdir='${docdir}'
prefix='/usr/local'
program_transform_name='s,x,x,'
psdir='${docdir}'
sbindir='${exec_prefix}/sbin'
sharedstatedir='${prefix}/com'
subdirs=' libjwt'
sysconfdir='${prefix}/etc'
target_alias=''

## ----------- ##
## confdefs.h. ##
## ----------- ##

/* confdefs.h */
#define PACKAGE_NAME "librvi"
#define PACKAGE_TARNAME "librvi"
#define PACKAGE_VERSION "0.1.0"
#define PACKAGE_STRING "librvi 0.1.0"
#define PACKAGE_BUGREPORT "https://github.com/GENIVI/rvi_lib/issues"
#define PACKAGE_URL ""
#define PACKAGE "librvi"
#define VERSION "0.1.0"
#define STDC_HEADERS 1
#define HAVE_SYS_TYPES_H 1
#define HAVE_SYS_STAT_H 1
#define HAVE_STDLIB_H 1
#define HAVE_STRING_H 1
#define HAVE_MEMORY_H 1
#define HAVE_STRINGS_H 1
#define HAVE_INTTYPES_H 1
#define HAVE_STDINT_H 1
#define HAVE_UNISTD_H 1
#define HAVE_DLFCN_H 1
#define LT_OBJDIR ".libs/"

configure: exit 0
